<?xml version="1.0" encoding="UTF-8"?>
<!-- Generated by org.testng.reporters.JUnitReportReporter -->
<testsuite hostname="DESKTOP-88FP71M" failures="0" tests="1" name="TC_001_LoginTest" time="3.791" errors="0" timestamp="2022-10-17T00:35:37 IST" skipped="0">
  <testcase classname="TC_001_LoginTest" name="login" time="3.791"/>
  <system-out/>
</testsuite> <!-- TC_001_LoginTest -->
