<?xml version="1.0" encoding="UTF-8"?>
<!-- Generated by org.testng.reporters.JUnitReportReporter -->
<testsuite hostname="DESKTOP-88FP71M" failures="0" tests="1" name="com.inetBanking.TestCases.TC_001_LoginTest" time="2.851" errors="0" timestamp="2022-10-24T07:03:49 IST" skipped="0">
  <testcase classname="com.inetBanking.TestCases.TC_001_LoginTest" name="login" time="2.851"/>
  <system-out/>
</testsuite> <!-- com.inetBanking.TestCases.TC_001_LoginTest -->
